::1 - - [11/Sep/2015:14:37:07 +0000] "GET /api/posts/55f2d6e278c7de1c1548c24f HTTP/1.1" 404 15 "http://localhost:8080/posts/55f2d6e278c7de1c1548c24f" "Mozilla/5.0 (Windows NT 6.1; WOW64) AppleWebKit/537.36 (KHTML, like Gecko) Chrome/45.0.2454.85 Safari/537.36"
::1 - - [11/Sep/2015:21:23:20 +0000] "PUT /api/posts/upvote HTTP/1.1" 404 29 "http://localhost:8080/" "Mozilla/5.0 (Windows NT 6.1; WOW64) AppleWebKit/537.36 (KHTML, like Gecko) Chrome/45.0.2454.85 Safari/537.36"
::1 - - [12/Sep/2015:13:30:25 +0000] "GET /api/posts/55f428b933584a7c173fca2e HTTP/1.1" 404 15 "http://localhost:8080/posts/55f428b933584a7c173fca2e" "Mozilla/5.0 (Windows NT 6.1; WOW64) AppleWebKit/537.36 (KHTML, like Gecko) Chrome/45.0.2454.85 Safari/537.36"
::1 - - [12/Sep/2015:15:53:33 +0000] "POST /api/posts/comments HTTP/1.1" 404 32 "http://localhost:8080/posts/55f30099aa1189301acbff3f" "Mozilla/5.0 (Windows NT 6.1; WOW64) AppleWebKit/537.36 (KHTML, like Gecko) Chrome/45.0.2454.85 Safari/537.36"
::1 - - [12/Sep/2015:16:36:42 +0000] "PUT /api/posts HTTP/1.1" 404 22 "http://localhost:8080/" "Mozilla/5.0 (Windows NT 6.1; WOW64) AppleWebKit/537.36 (KHTML, like Gecko) Chrome/45.0.2454.85 Safari/537.36"
::1 - - [12/Sep/2015:16:38:49 +0000] "POST /api/posts/comments HTTP/1.1" 404 32 "http://localhost:8080/posts/55f30099aa1189301acbff3f" "Mozilla/5.0 (Windows NT 6.1; WOW64) AppleWebKit/537.36 (KHTML, like Gecko) Chrome/45.0.2454.85 Safari/537.36"
::1 - - [12/Sep/2015:16:39:37 +0000] "PUT /api/posts/%5Bobject%20Object%5D/comments/55f455472ecf4c4c12da716a/upvote HTTP/1.1" 500 13 "http://localhost:8080/posts/55f30099aa1189301acbff3f" "Mozilla/5.0 (Windows NT 6.1; WOW64) AppleWebKit/537.36 (KHTML, like Gecko) Chrome/45.0.2454.85 Safari/537.36"
::1 - - [12/Sep/2015:16:53:57 +0000] "DELETE /api/posts?__v=0&_id=55f42e0907e7a8d01ef6765a&date=2015-09-12T13:52:09.877Z&title=%D0%B0%D0%B0%D0%B0%D0%B0%D0%B0%D0%B0%D0%B0%D0%B0%D0%B0%D0%B0%D0%B0%D0%B0&upvotes=0 HTTP/1.1" 404 195 "http://localhost:8080/" "Mozilla/5.0 (Windows NT 6.1; WOW64) AppleWebKit/537.36 (KHTML, like Gecko) Chrome/45.0.2454.85 Safari/537.36"
::1 - - [12/Sep/2015:17:01:34 +0000] "POST /api/posts/comments HTTP/1.1" 404 32 "http://localhost:8080/posts/55f30099aa1189301acbff3f" "Mozilla/5.0 (Windows NT 6.1; WOW64) AppleWebKit/537.36 (KHTML, like Gecko) Chrome/45.0.2454.85 Safari/537.36"
::1 - - [12/Sep/2015:20:32:54 +0000] "POST /api/posts/comments HTTP/1.1" 404 32 "http://localhost:8080/posts/55f48bef6c1f6bc811c03cda" "Mozilla/5.0 (Windows NT 6.1; WOW64) AppleWebKit/537.36 (KHTML, like Gecko) Chrome/45.0.2454.85 Safari/537.36"
::1 - - [12/Sep/2015:20:32:56 +0000] "POST /api/posts/comments HTTP/1.1" 404 32 "http://localhost:8080/posts/55f48bef6c1f6bc811c03cda" "Mozilla/5.0 (Windows NT 6.1; WOW64) AppleWebKit/537.36 (KHTML, like Gecko) Chrome/45.0.2454.85 Safari/537.36"
::1 - - [12/Sep/2015:20:32:57 +0000] "POST /api/posts/comments HTTP/1.1" 404 32 "http://localhost:8080/posts/55f48bef6c1f6bc811c03cda" "Mozilla/5.0 (Windows NT 6.1; WOW64) AppleWebKit/537.36 (KHTML, like Gecko) Chrome/45.0.2454.85 Safari/537.36"
::1 - - [12/Sep/2015:20:32:57 +0000] "POST /api/posts/comments HTTP/1.1" 404 32 "http://localhost:8080/posts/55f48bef6c1f6bc811c03cda" "Mozilla/5.0 (Windows NT 6.1; WOW64) AppleWebKit/537.36 (KHTML, like Gecko) Chrome/45.0.2454.85 Safari/537.36"
::1 - - [12/Sep/2015:20:33:12 +0000] "POST /api/posts/comments HTTP/1.1" 404 32 "http://localhost:8080/posts/55f48bef6c1f6bc811c03cda" "Mozilla/5.0 (Windows NT 6.1; WOW64) AppleWebKit/537.36 (KHTML, like Gecko) Chrome/45.0.2454.85 Safari/537.36"
::1 - - [12/Sep/2015:20:33:13 +0000] "POST /api/posts/comments HTTP/1.1" 404 32 "http://localhost:8080/posts/55f48bef6c1f6bc811c03cda" "Mozilla/5.0 (Windows NT 6.1; WOW64) AppleWebKit/537.36 (KHTML, like Gecko) Chrome/45.0.2454.85 Safari/537.36"
::1 - - [12/Sep/2015:20:34:05 +0000] "POST /api/posts/comments HTTP/1.1" 404 32 "http://localhost:8080/posts/55f48bef6c1f6bc811c03cda" "Mozilla/5.0 (Windows NT 6.1; WOW64) AppleWebKit/537.36 (KHTML, like Gecko) Chrome/45.0.2454.85 Safari/537.36"
::1 - - [12/Sep/2015:20:35:39 +0000] "POST /api/posts/comments HTTP/1.1" 404 32 "http://localhost:8080/posts/55f48bef6c1f6bc811c03cda" "Mozilla/5.0 (Windows NT 6.1; WOW64) AppleWebKit/537.36 (KHTML, like Gecko) Chrome/45.0.2454.85 Safari/537.36"
::1 - - [12/Sep/2015:20:37:02 +0000] "PUT /api/posts/comments HTTP/1.1" 404 31 "http://localhost:8080/posts/55f48bef6c1f6bc811c03cda" "Mozilla/5.0 (Windows NT 6.1; WOW64) AppleWebKit/537.36 (KHTML, like Gecko) Chrome/45.0.2454.85 Safari/537.36"
::1 - - [12/Sep/2015:20:37:03 +0000] "PUT /api/posts/comments HTTP/1.1" 404 31 "http://localhost:8080/posts/55f48bef6c1f6bc811c03cda" "Mozilla/5.0 (Windows NT 6.1; WOW64) AppleWebKit/537.36 (KHTML, like Gecko) Chrome/45.0.2454.85 Safari/537.36"
::1 - - [12/Sep/2015:20:38:27 +0000] "PUT /api/posts/comments HTTP/1.1" 404 31 "http://localhost:8080/posts/55f48bef6c1f6bc811c03cda" "Mozilla/5.0 (Windows NT 6.1; WOW64) AppleWebKit/537.36 (KHTML, like Gecko) Chrome/45.0.2454.85 Safari/537.36"
::1 - - [12/Sep/2015:20:38:52 +0000] "PUT /api/posts HTTP/1.1" 404 22 "http://localhost:8080/" "Mozilla/5.0 (Windows NT 6.1; WOW64) AppleWebKit/537.36 (KHTML, like Gecko) Chrome/45.0.2454.85 Safari/537.36"
::1 - - [12/Sep/2015:20:40:14 +0000] "PUT /api/posts HTTP/1.1" 404 22 "http://localhost:8080/" "Mozilla/5.0 (Windows NT 6.1; WOW64) AppleWebKit/537.36 (KHTML, like Gecko) Chrome/45.0.2454.85 Safari/537.36"
::1 - - [12/Sep/2015:20:40:33 +0000] "PUT /api/posts HTTP/1.1" 404 22 "http://localhost:8080/" "Mozilla/5.0 (Windows NT 6.1; WOW64) AppleWebKit/537.36 (KHTML, like Gecko) Chrome/45.0.2454.85 Safari/537.36"
::1 - - [12/Sep/2015:21:17:01 +0000] "PUT /api/posts/%5Bobject%20Object%5D/comments/55f4964c6c1f6bc811c03cdf/upvote HTTP/1.1" 500 13 "http://localhost:8080/posts/55f30099aa1189301acbff3f" "Mozilla/5.0 (Windows NT 6.1; WOW64) AppleWebKit/537.36 (KHTML, like Gecko) Chrome/45.0.2454.85 Safari/537.36"
