0 info it worked if it ends with ok
1 verbose cli [ 'E:\\Program Files\\nodejs\\node.exe',
1 verbose cli   'E:\\Program Files\\nodejs\\node_modules\\npm\\bin\\npm-cli.js',
1 verbose cli   'shrinkwrap' ]
2 info using npm@2.14.4
3 info using node@v4.1.1
4 verbose stack Error: Problems were encountered
4 verbose stack Please correct and try again.
4 verbose stack extraneous: next-tick@0.2.2 E:\Other\edu\JavaScript\ng-reddit\node_modules\bower\node_modules\inquirer\node_modules\cli-color\node_modules\next-tick
4 verbose stack extraneous: number-is-nan@1.0.0 E:\Other\edu\JavaScript\ng-reddit\node_modules\bower\node_modules\insight\node_modules\inquirer\node_modules\readline2\node_modules\number-is-nan
4 verbose stack extraneous: deep-extend@0.2.11 E:\Other\edu\JavaScript\ng-reddit\node_modules\bower\node_modules\deep-extend
4 verbose stack extraneous: inherits@2.0.1 E:\Other\edu\JavaScript\ng-reddit\node_modules\bower\node_modules\inherits
4 verbose stack extraneous: minimist@1.2.0 E:\Other\edu\JavaScript\ng-reddit\node_modules\bower\node_modules\minimist
4 verbose stack extraneous: once@1.3.2 E:\Other\edu\JavaScript\ng-reddit\node_modules\bower\node_modules\once
4 verbose stack extraneous: content-type@1.0.1 E:\Other\edu\JavaScript\ng-reddit\node_modules\content-type
4 verbose stack extraneous: cookie-signature@1.0.6 E:\Other\edu\JavaScript\ng-reddit\node_modules\cookie-signature
4 verbose stack extraneous: methods@1.1.1 E:\Other\edu\JavaScript\ng-reddit\node_modules\methods
4 verbose stack extraneous: mime@1.3.4 E:\Other\edu\JavaScript\ng-reddit\node_modules\mime
4 verbose stack extraneous: parseurl@1.3.0 E:\Other\edu\JavaScript\ng-reddit\node_modules\parseurl
4 verbose stack extraneous: on-headers@1.0.1 E:\Other\edu\JavaScript\ng-reddit\node_modules\on-headers
4 verbose stack extraneous: passport-strategy@1.0.0 E:\Other\edu\JavaScript\ng-reddit\node_modules\passport-strategy
4 verbose stack extraneous: unpipe@1.0.0 E:\Other\edu\JavaScript\ng-reddit\node_modules\unpipe
4 verbose stack extraneous: utils-merge@1.0.0 E:\Other\edu\JavaScript\ng-reddit\node_modules\utils-merge
4 verbose stack extraneous: vary@1.0.1 E:\Other\edu\JavaScript\ng-reddit\node_modules\vary
4 verbose stack extraneous: debug@2.2.0 E:\Other\edu\JavaScript\ng-reddit\node_modules\debug
4 verbose stack extraneous: http-errors@1.3.1 E:\Other\edu\JavaScript\ng-reddit\node_modules\http-errors
4 verbose stack extraneous: type-is@1.6.9 E:\Other\edu\JavaScript\ng-reddit\node_modules\type-is
4 verbose stack     at shrinkwrap_ (E:\Program Files\nodejs\node_modules\npm\lib\shrinkwrap.js:37:15)
4 verbose stack     at E:\Program Files\nodejs\node_modules\npm\lib\shrinkwrap.js:31:5
4 verbose stack     at E:\Program Files\nodejs\node_modules\npm\lib\ls.js:47:30
4 verbose stack     at E:\Program Files\nodejs\node_modules\npm\node_modules\read-installed\read-installed.js:142:5
4 verbose stack     at E:\Program Files\nodejs\node_modules\npm\node_modules\read-installed\read-installed.js:263:14
4 verbose stack     at cb (E:\Program Files\nodejs\node_modules\npm\node_modules\slide\lib\async-map.js:47:24)
4 verbose stack     at E:\Program Files\nodejs\node_modules\npm\node_modules\read-installed\read-installed.js:263:14
4 verbose stack     at cb (E:\Program Files\nodejs\node_modules\npm\node_modules\slide\lib\async-map.js:47:24)
4 verbose stack     at E:\Program Files\nodejs\node_modules\npm\node_modules\read-installed\read-installed.js:263:14
4 verbose stack     at cb (E:\Program Files\nodejs\node_modules\npm\node_modules\slide\lib\async-map.js:47:24)
5 verbose cwd E:\Other\edu\JavaScript\ng-reddit
6 error Windows_NT 10.0.10240
7 error argv "E:\\Program Files\\nodejs\\node.exe" "E:\\Program Files\\nodejs\\node_modules\\npm\\bin\\npm-cli.js" "shrinkwrap"
8 error node v4.1.1
9 error npm  v2.14.4
10 error Problems were encountered
10 error Please correct and try again.
10 error extraneous: next-tick@0.2.2 E:\Other\edu\JavaScript\ng-reddit\node_modules\bower\node_modules\inquirer\node_modules\cli-color\node_modules\next-tick
10 error extraneous: number-is-nan@1.0.0 E:\Other\edu\JavaScript\ng-reddit\node_modules\bower\node_modules\insight\node_modules\inquirer\node_modules\readline2\node_modules\number-is-nan
10 error extraneous: deep-extend@0.2.11 E:\Other\edu\JavaScript\ng-reddit\node_modules\bower\node_modules\deep-extend
10 error extraneous: inherits@2.0.1 E:\Other\edu\JavaScript\ng-reddit\node_modules\bower\node_modules\inherits
10 error extraneous: minimist@1.2.0 E:\Other\edu\JavaScript\ng-reddit\node_modules\bower\node_modules\minimist
10 error extraneous: once@1.3.2 E:\Other\edu\JavaScript\ng-reddit\node_modules\bower\node_modules\once
10 error extraneous: content-type@1.0.1 E:\Other\edu\JavaScript\ng-reddit\node_modules\content-type
10 error extraneous: cookie-signature@1.0.6 E:\Other\edu\JavaScript\ng-reddit\node_modules\cookie-signature
10 error extraneous: methods@1.1.1 E:\Other\edu\JavaScript\ng-reddit\node_modules\methods
10 error extraneous: mime@1.3.4 E:\Other\edu\JavaScript\ng-reddit\node_modules\mime
10 error extraneous: parseurl@1.3.0 E:\Other\edu\JavaScript\ng-reddit\node_modules\parseurl
10 error extraneous: on-headers@1.0.1 E:\Other\edu\JavaScript\ng-reddit\node_modules\on-headers
10 error extraneous: passport-strategy@1.0.0 E:\Other\edu\JavaScript\ng-reddit\node_modules\passport-strategy
10 error extraneous: unpipe@1.0.0 E:\Other\edu\JavaScript\ng-reddit\node_modules\unpipe
10 error extraneous: utils-merge@1.0.0 E:\Other\edu\JavaScript\ng-reddit\node_modules\utils-merge
10 error extraneous: vary@1.0.1 E:\Other\edu\JavaScript\ng-reddit\node_modules\vary
10 error extraneous: debug@2.2.0 E:\Other\edu\JavaScript\ng-reddit\node_modules\debug
10 error extraneous: http-errors@1.3.1 E:\Other\edu\JavaScript\ng-reddit\node_modules\http-errors
10 error extraneous: type-is@1.6.9 E:\Other\edu\JavaScript\ng-reddit\node_modules\type-is
11 error If you need help, you may report this error at:
11 error     <https://github.com/npm/npm/issues>
12 verbose exit [ 1, true ]
